2023-06-06 10:23:16,589 - inspyred.ec - DEBUG - generating initial population
2023-06-06 10:23:16,796 - inspyred.ec - DEBUG - evaluating initial population
2023-06-06 10:23:39,877 - inspyred.ec - DEBUG - population size is now 10
2023-06-06 10:23:39,877 - inspyred.ec - DEBUG - archiving initial population
2023-06-06 10:23:39,878 - inspyred.ec - DEBUG - archive size is now 10
2023-06-06 10:23:39,878 - inspyred.ec - DEBUG - population size is now 10
2023-06-06 10:23:39,878 - inspyred.ec - DEBUG - observation using file_observer at generation 0 and evaluation 10
2023-06-06 10:23:39,882 - inspyred.ec - DEBUG - termination test using special_termination at generation 0 and evaluation 10
2023-06-06 10:23:39,882 - inspyred.ec - DEBUG - termination test using generation_termination at generation 0 and evaluation 10
2023-06-06 10:23:39,882 - inspyred.ec - DEBUG - termination test using diversity_termination at generation 0 and evaluation 10
2023-06-06 10:23:39,883 - inspyred.ec - DEBUG - selection using constrained_tournament_selection at generation 0 and evaluation 10
2023-06-06 10:23:39,884 - inspyred.ec - DEBUG - selected 10 candidates
2023-06-06 10:23:39,884 - inspyred.ec - DEBUG - variation using n_point_crossover at generation 0 and evaluation 10
2023-06-06 10:23:39,884 - inspyred.ec - DEBUG - variation using random_reset_mutation at generation 0 and evaluation 10
2023-06-06 10:23:39,884 - inspyred.ec - DEBUG - created 10 offspring
2023-06-06 10:23:39,884 - inspyred.ec - DEBUG - evaluation using evaluate at generation 0 and evaluation 10
2023-06-06 10:24:03,654 - inspyred.ec - DEBUG - replacement using nsga_replacement at generation 0 and evaluation 20
2023-06-06 10:24:03,655 - inspyred.ec - DEBUG - population size is now 10
2023-06-06 10:24:03,655 - inspyred.ec - DEBUG - migration using default_migration at generation 0 and evaluation 20
2023-06-06 10:24:03,655 - inspyred.ec - DEBUG - population size is now 10
2023-06-06 10:24:03,655 - inspyred.ec - DEBUG - archival using best_archiver at generation 0 and evaluation 20
2023-06-06 10:24:03,656 - inspyred.ec - DEBUG - archive size is now 17
2023-06-06 10:24:03,656 - inspyred.ec - DEBUG - population size is now 10
2023-06-06 10:24:03,656 - inspyred.ec - DEBUG - observation using file_observer at generation 1 and evaluation 20
2023-06-06 10:24:03,656 - inspyred.ec - DEBUG - termination test using special_termination at generation 1 and evaluation 20
2023-06-06 10:24:03,656 - inspyred.ec - DEBUG - termination test using generation_termination at generation 1 and evaluation 20
2023-06-06 10:24:03,656 - inspyred.ec - DEBUG - termination test using diversity_termination at generation 1 and evaluation 20
2023-06-06 10:24:03,656 - inspyred.ec - DEBUG - selection using constrained_tournament_selection at generation 1 and evaluation 20
2023-06-06 10:24:03,656 - inspyred.ec - DEBUG - selected 10 candidates
2023-06-06 10:24:03,656 - inspyred.ec - DEBUG - variation using n_point_crossover at generation 1 and evaluation 20
2023-06-06 10:24:03,656 - inspyred.ec - DEBUG - variation using random_reset_mutation at generation 1 and evaluation 20
2023-06-06 10:24:03,656 - inspyred.ec - DEBUG - created 10 offspring
2023-06-06 10:24:03,656 - inspyred.ec - DEBUG - evaluation using evaluate at generation 1 and evaluation 20
2023-06-06 10:24:30,006 - inspyred.ec - DEBUG - replacement using nsga_replacement at generation 1 and evaluation 30
2023-06-06 10:24:30,007 - inspyred.ec - DEBUG - population size is now 10
2023-06-06 10:24:30,007 - inspyred.ec - DEBUG - migration using default_migration at generation 1 and evaluation 30
2023-06-06 10:24:30,008 - inspyred.ec - DEBUG - population size is now 10
2023-06-06 10:24:30,008 - inspyred.ec - DEBUG - archival using best_archiver at generation 1 and evaluation 30
2023-06-06 10:24:30,008 - inspyred.ec - DEBUG - archive size is now 19
2023-06-06 10:24:30,009 - inspyred.ec - DEBUG - population size is now 10
2023-06-06 10:24:30,009 - inspyred.ec - DEBUG - observation using file_observer at generation 2 and evaluation 30
2023-06-06 10:24:30,012 - inspyred.ec - DEBUG - termination test using special_termination at generation 2 and evaluation 30
2023-06-06 10:24:30,012 - inspyred.ec - DEBUG - termination test using generation_termination at generation 2 and evaluation 30
2023-06-06 10:24:30,012 - inspyred.ec - DEBUG - termination from generation_termination at generation 2 and evaluation 30
