2023-06-13 10:33:50,228 - inspyred.ec - DEBUG - generating initial population
2023-06-13 10:33:50,303 - inspyred.ec - DEBUG - evaluating initial population
2023-06-13 10:34:08,848 - inspyred.ec - DEBUG - population size is now 10
2023-06-13 10:34:08,849 - inspyred.ec - DEBUG - archiving initial population
2023-06-13 10:34:08,849 - inspyred.ec - DEBUG - archive size is now 10
2023-06-13 10:34:08,849 - inspyred.ec - DEBUG - population size is now 10
2023-06-13 10:34:08,849 - inspyred.ec - DEBUG - observation using file_observer at generation 0 and evaluation 10
2023-06-13 10:34:08,850 - inspyred.ec - DEBUG - termination test using special_termination at generation 0 and evaluation 10
2023-06-13 10:34:08,850 - inspyred.ec - DEBUG - termination test using generation_termination at generation 0 and evaluation 10
2023-06-13 10:34:08,850 - inspyred.ec - DEBUG - termination test using diversity_termination at generation 0 and evaluation 10
2023-06-13 10:34:08,851 - inspyred.ec - DEBUG - selection using constrained_tournament_selection at generation 0 and evaluation 10
2023-06-13 10:34:08,851 - inspyred.ec - DEBUG - selected 10 candidates
2023-06-13 10:34:08,851 - inspyred.ec - DEBUG - variation using n_point_crossover at generation 0 and evaluation 10
2023-06-13 10:34:08,851 - inspyred.ec - DEBUG - variation using random_reset_mutation at generation 0 and evaluation 10
2023-06-13 10:34:08,852 - inspyred.ec - DEBUG - variation using repair_mutation at generation 0 and evaluation 10
2023-06-13 10:34:08,893 - inspyred.ec - DEBUG - created 10 offspring
2023-06-13 10:34:08,893 - inspyred.ec - DEBUG - evaluation using evaluate at generation 0 and evaluation 10
2023-06-13 10:34:27,706 - inspyred.ec - DEBUG - replacement using nsga_replacement at generation 0 and evaluation 20
2023-06-13 10:34:27,707 - inspyred.ec - DEBUG - population size is now 10
2023-06-13 10:34:27,707 - inspyred.ec - DEBUG - migration using default_migration at generation 0 and evaluation 20
2023-06-13 10:34:27,707 - inspyred.ec - DEBUG - population size is now 10
2023-06-13 10:34:27,707 - inspyred.ec - DEBUG - archival using best_archiver at generation 0 and evaluation 20
2023-06-13 10:34:27,707 - inspyred.ec - DEBUG - archive size is now 12
2023-06-13 10:34:27,707 - inspyred.ec - DEBUG - population size is now 10
2023-06-13 10:34:27,707 - inspyred.ec - DEBUG - observation using file_observer at generation 1 and evaluation 20
2023-06-13 10:34:27,708 - inspyred.ec - DEBUG - termination test using special_termination at generation 1 and evaluation 20
2023-06-13 10:34:27,708 - inspyred.ec - DEBUG - termination test using generation_termination at generation 1 and evaluation 20
2023-06-13 10:34:27,708 - inspyred.ec - DEBUG - termination test using diversity_termination at generation 1 and evaluation 20
2023-06-13 10:34:27,709 - inspyred.ec - DEBUG - selection using constrained_tournament_selection at generation 1 and evaluation 20
2023-06-13 10:34:27,709 - inspyred.ec - DEBUG - selected 10 candidates
2023-06-13 10:34:27,709 - inspyred.ec - DEBUG - variation using n_point_crossover at generation 1 and evaluation 20
2023-06-13 10:34:27,709 - inspyred.ec - DEBUG - variation using random_reset_mutation at generation 1 and evaluation 20
2023-06-13 10:34:27,709 - inspyred.ec - DEBUG - variation using repair_mutation at generation 1 and evaluation 20
2023-06-13 10:34:27,747 - inspyred.ec - DEBUG - created 10 offspring
2023-06-13 10:34:27,747 - inspyred.ec - DEBUG - evaluation using evaluate at generation 1 and evaluation 20
2023-06-13 10:34:46,140 - inspyred.ec - DEBUG - replacement using nsga_replacement at generation 1 and evaluation 30
2023-06-13 10:34:46,140 - inspyred.ec - DEBUG - population size is now 10
2023-06-13 10:34:46,140 - inspyred.ec - DEBUG - migration using default_migration at generation 1 and evaluation 30
2023-06-13 10:34:46,140 - inspyred.ec - DEBUG - population size is now 10
2023-06-13 10:34:46,140 - inspyred.ec - DEBUG - archival using best_archiver at generation 1 and evaluation 30
2023-06-13 10:34:46,140 - inspyred.ec - DEBUG - archive size is now 14
2023-06-13 10:34:46,140 - inspyred.ec - DEBUG - population size is now 10
2023-06-13 10:34:46,140 - inspyred.ec - DEBUG - observation using file_observer at generation 2 and evaluation 30
2023-06-13 10:34:46,141 - inspyred.ec - DEBUG - termination test using special_termination at generation 2 and evaluation 30
2023-06-13 10:34:46,141 - inspyred.ec - DEBUG - termination test using generation_termination at generation 2 and evaluation 30
2023-06-13 10:34:46,141 - inspyred.ec - DEBUG - termination from generation_termination at generation 2 and evaluation 30
